<?xml version="1.0" encoding="UTF-8" ?>
<testsuite tests="6" failures="0" name="CharacterTest.MainCharacterTest" time="0" errors="0" skipped="0">
  <properties>
[...]
</properties>
  <testcase classname="CharacterTest.MainCharacterTest" name="getX" time="0"/>
  <testcase classname="CharacterTest.MainCharacterTest" name="getY" time="0"/>
  <testcase classname="CharacterTest.MainCharacterTest" name="setX" time="0"/>
  <testcase classname="CharacterTest.MainCharacterTest" name="setY" time="0"/>
  <testcase classname="CharacterTest.MainCharacterTest" name="getHeight" time="0"/>
  <testcase classname="CharacterTest.MainCharacterTest" name="getWidth" time="0"/>
</testsuite>